[0.007s] Invoking command in '/home/nvidia/code/robot_driver_pkg/src/build/robot_msgs': /usr/bin/cmake --build /home/nvidia/code/robot_driver_pkg/src/build/robot_msgs -- -j16 -l16
[0.025s] -- Found ament_cmake: 1.3.12 (/opt/ros/humble/share/ament_cmake/cmake)
[0.100s] -- Found rosidl_default_generators: 1.2.0 (/opt/ros/humble/share/rosidl_default_generators/cmake)
[0.101s] -- Using all available rosidl_typesupport_c: rosidl_typesupport_fastrtps_c;rosidl_typesupport_introspection_c
[0.102s] -- Found rosidl_adapter: 3.1.7 (/opt/ros/humble/share/rosidl_adapter/cmake)
[0.119s] -- Using all available rosidl_typesupport_cpp: rosidl_typesupport_fastrtps_cpp;rosidl_typesupport_introspection_cpp
[0.279s] -- Found ament_cmake_ros: 0.10.0 (/opt/ros/humble/share/ament_cmake_ros/cmake)
[0.383s] -- Using all available rosidl_typesupport_c: rosidl_typesupport_fastrtps_c;rosidl_typesupport_introspection_c
[0.541s] -- Using all available rosidl_typesupport_cpp: rosidl_typesupport_fastrtps_cpp;rosidl_typesupport_introspection_cpp
[0.556s] -- Found python_cmake_module: 0.10.0 (/opt/ros/humble/share/python_cmake_module/cmake)
[0.571s] -- Using PYTHON_EXECUTABLE: /usr/bin/python3
[0.572s] -- Using PYTHON_INCLUDE_DIRS: /usr/include/python3.10
[0.572s] -- Using PYTHON_LIBRARIES: /usr/lib/x86_64-linux-gnu/libpython3.10.so
[0.579s] -- Configuring done
[0.595s] -- Generating done
[0.601s] -- Build files have been written to: /home/nvidia/code/robot_driver_pkg/src/build/robot_msgs
[0.619s] [  2%] [34m[1mGenerating C code for ROS interfaces[0m
[0.627s] [  5%] [34m[1mGenerating C++ code for ROS interfaces[0m
[0.634s] [  5%] Built target ament_cmake_python_copy_robot_msgs
[0.778s] running egg_info
[0.778s] writing robot_msgs.egg-info/PKG-INFO
[0.778s] writing dependency_links to robot_msgs.egg-info/dependency_links.txt
[0.778s] writing top-level names to robot_msgs.egg-info/top_level.txt
[0.779s] reading manifest file 'robot_msgs.egg-info/SOURCES.txt'
[0.780s] writing manifest file 'robot_msgs.egg-info/SOURCES.txt'
[0.799s] [  5%] Built target ament_cmake_python_build_robot_msgs_egg
[0.811s] [  5%] Built target robot_msgs__cpp
[0.818s] [  7%] [34m[1mGenerating C++ type support dispatch for ROS interfaces[0m
[0.818s] [ 10%] [34m[1mGenerating C++ type support for eProsima Fast-RTPS[0m
[0.820s] [ 12%] [34m[1mGenerating C++ introspection for ROS interfaces[0m
[0.822s] [35m[1mConsolidate compiler generated dependencies of target robot_msgs__rosidl_generator_c[0m
[0.831s] [ 17%] [32mBuilding C object CMakeFiles/robot_msgs__rosidl_generator_c.dir/rosidl_generator_c/robot_msgs/msg/detail/motor_command__functions.c.o[0m
[0.831s] [ 17%] [32mBuilding C object CMakeFiles/robot_msgs__rosidl_generator_c.dir/rosidl_generator_c/robot_msgs/msg/detail/motor_command_array__functions.c.o[0m
[0.873s] [ 20%] [32m[1mLinking C shared library librobot_msgs__rosidl_generator_c.so[0m
[0.903s] [ 20%] Built target robot_msgs__rosidl_generator_c
[0.912s] [ 28%] [34m[1mGenerating C type support dispatch for ROS interfaces[0m
[0.912s] [ 28%] [34m[1mGenerating C type support for eProsima Fast-RTPS[0m
[0.912s] [ 28%] [34m[1mGenerating C introspection for ROS interfaces[0m
[0.980s] [35m[1mConsolidate compiler generated dependencies of target robot_msgs__rosidl_typesupport_cpp[0m
[0.987s] [ 33%] [32mBuilding CXX object CMakeFiles/robot_msgs__rosidl_typesupport_cpp.dir/rosidl_typesupport_cpp/robot_msgs/msg/motor_command_array__type_support.cpp.o[0m
[0.987s] [ 33%] [32mBuilding CXX object CMakeFiles/robot_msgs__rosidl_typesupport_cpp.dir/rosidl_typesupport_cpp/robot_msgs/msg/motor_command__type_support.cpp.o[0m
[0.991s] [35m[1mConsolidate compiler generated dependencies of target robot_msgs__rosidl_typesupport_introspection_cpp[0m
[0.999s] [ 35%] [32mBuilding CXX object CMakeFiles/robot_msgs__rosidl_typesupport_introspection_cpp.dir/rosidl_typesupport_introspection_cpp/robot_msgs/msg/detail/motor_command__type_support.cpp.o[0m
[0.999s] [ 38%] [32mBuilding CXX object CMakeFiles/robot_msgs__rosidl_typesupport_introspection_cpp.dir/rosidl_typesupport_introspection_cpp/robot_msgs/msg/detail/motor_command_array__type_support.cpp.o[0m
[1.000s] [35m[1mConsolidate compiler generated dependencies of target robot_msgs__rosidl_typesupport_fastrtps_cpp[0m
[1.012s] [ 43%] [32mBuilding CXX object CMakeFiles/robot_msgs__rosidl_typesupport_fastrtps_cpp.dir/rosidl_typesupport_fastrtps_cpp/robot_msgs/msg/detail/dds_fastrtps/motor_command__type_support.cpp.o[0m
[1.012s] [ 43%] [32mBuilding CXX object CMakeFiles/robot_msgs__rosidl_typesupport_fastrtps_cpp.dir/rosidl_typesupport_fastrtps_cpp/robot_msgs/msg/detail/dds_fastrtps/motor_command_array__type_support.cpp.o[0m
[1.091s] [ 48%] [32mBuilding CXX object CMakeFiles/robot_msgs__rosidl_typesupport_c.dir/rosidl_typesupport_c/robot_msgs/msg/motor_command__type_support.cpp.o[0m
[1.091s] [ 48%] [32mBuilding CXX object CMakeFiles/robot_msgs__rosidl_typesupport_c.dir/rosidl_typesupport_c/robot_msgs/msg/motor_command_array__type_support.cpp.o[0m
[1.119s] [ 51%] [32m[1mLinking CXX shared library librobot_msgs__rosidl_typesupport_c.so[0m
[1.152s] [ 51%] Built target robot_msgs__rosidl_typesupport_c
[1.188s] [ 53%] [32m[1mLinking CXX shared library librobot_msgs__rosidl_typesupport_cpp.so[0m
[1.211s] [ 56%] [32mBuilding C object CMakeFiles/robot_msgs__rosidl_typesupport_introspection_c.dir/rosidl_typesupport_introspection_c/robot_msgs/msg/detail/motor_command__type_support.c.o[0m
[1.212s] [ 58%] [32mBuilding C object CMakeFiles/robot_msgs__rosidl_typesupport_introspection_c.dir/rosidl_typesupport_introspection_c/robot_msgs/msg/detail/motor_command_array__type_support.c.o[0m
[1.220s] [ 64%] [32mBuilding CXX object CMakeFiles/robot_msgs__rosidl_typesupport_fastrtps_c.dir/rosidl_typesupport_fastrtps_c/robot_msgs/msg/detail/motor_command__type_support_c.cpp.o[0m
[1.220s] [ 64%] [32mBuilding CXX object CMakeFiles/robot_msgs__rosidl_typesupport_fastrtps_c.dir/rosidl_typesupport_fastrtps_c/robot_msgs/msg/detail/motor_command_array__type_support_c.cpp.o[0m
[1.225s] [ 64%] Built target robot_msgs__rosidl_typesupport_cpp
[1.248s] [ 66%] [32m[1mLinking C shared library librobot_msgs__rosidl_typesupport_introspection_c.so[0m
[1.276s] [ 66%] Built target robot_msgs__rosidl_typesupport_introspection_c
[1.344s] [ 69%] [32m[1mLinking CXX shared library librobot_msgs__rosidl_typesupport_introspection_cpp.so[0m
[1.362s] [ 71%] [32m[1mLinking CXX shared library librobot_msgs__rosidl_typesupport_fastrtps_cpp.so[0m
[1.402s] [ 71%] Built target robot_msgs__rosidl_typesupport_introspection_cpp
[1.420s] [ 71%] Built target robot_msgs__rosidl_typesupport_fastrtps_cpp
[1.455s] [ 74%] [32m[1mLinking CXX shared library librobot_msgs__rosidl_typesupport_fastrtps_c.so[0m
[1.501s] [ 74%] Built target robot_msgs__rosidl_typesupport_fastrtps_c
[1.517s] [ 74%] Built target robot_msgs
[1.533s] [ 76%] [34m[1mGenerating Python code for ROS interfaces[0m
[1.743s] [ 76%] Built target robot_msgs__py
[1.757s] [ 79%] [32mBuilding C object CMakeFiles/robot_msgs__rosidl_generator_py.dir/rosidl_generator_py/robot_msgs/msg/_motor_command_s.c.o[0m
[1.759s] [ 82%] [32mBuilding C object CMakeFiles/robot_msgs__rosidl_generator_py.dir/rosidl_generator_py/robot_msgs/msg/_motor_command_array_s.c.o[0m
[1.818s] [ 84%] [32m[1mLinking C shared library rosidl_generator_py/robot_msgs/librobot_msgs__rosidl_generator_py.so[0m
[1.848s] [ 84%] Built target robot_msgs__rosidl_generator_py
[1.863s] [ 87%] [32mBuilding C object CMakeFiles/robot_msgs__rosidl_typesupport_fastrtps_c__pyext.dir/rosidl_generator_py/robot_msgs/_robot_msgs_s.ep.rosidl_typesupport_fastrtps_c.c.o[0m
[1.864s] [ 89%] [32mBuilding C object CMakeFiles/robot_msgs__rosidl_typesupport_c__pyext.dir/rosidl_generator_py/robot_msgs/_robot_msgs_s.ep.rosidl_typesupport_c.c.o[0m
[1.864s] [ 92%] [32mBuilding C object CMakeFiles/robot_msgs__rosidl_typesupport_introspection_c__pyext.dir/rosidl_generator_py/robot_msgs/_robot_msgs_s.ep.rosidl_typesupport_introspection_c.c.o[0m
[1.919s] [ 94%] [32m[1mLinking C shared library rosidl_generator_py/robot_msgs/robot_msgs_s__rosidl_typesupport_c.cpython-310-x86_64-linux-gnu.so[0m
[1.926s] [ 97%] [32m[1mLinking C shared library rosidl_generator_py/robot_msgs/robot_msgs_s__rosidl_typesupport_introspection_c.cpython-310-x86_64-linux-gnu.so[0m
[1.926s] [100%] [32m[1mLinking C shared library rosidl_generator_py/robot_msgs/robot_msgs_s__rosidl_typesupport_fastrtps_c.cpython-310-x86_64-linux-gnu.so[0m
[1.944s] [100%] Built target robot_msgs__rosidl_typesupport_c__pyext
[1.949s] [100%] Built target robot_msgs__rosidl_typesupport_introspection_c__pyext
[1.954s] [100%] Built target robot_msgs__rosidl_typesupport_fastrtps_c__pyext
[1.963s] Invoked command in '/home/nvidia/code/robot_driver_pkg/src/build/robot_msgs' returned '0': /usr/bin/cmake --build /home/nvidia/code/robot_driver_pkg/src/build/robot_msgs -- -j16 -l16
[1.970s] Invoking command in '/home/nvidia/code/robot_driver_pkg/src/build/robot_msgs': /usr/bin/cmake --install /home/nvidia/code/robot_driver_pkg/src/build/robot_msgs
[1.976s] -- Install configuration: ""
[1.976s] -- Installing: /home/nvidia/code/robot_driver_pkg/src/install/robot_msgs/share/ament_index/resource_index/rosidl_interfaces/robot_msgs
[1.976s] -- Installing: /home/nvidia/code/robot_driver_pkg/src/install/robot_msgs/include/robot_msgs/robot_msgs
[1.976s] -- Installing: /home/nvidia/code/robot_driver_pkg/src/install/robot_msgs/include/robot_msgs/robot_msgs/msg
[1.976s] -- Installing: /home/nvidia/code/robot_driver_pkg/src/install/robot_msgs/include/robot_msgs/robot_msgs/msg/rosidl_generator_c__visibility_control.h
[1.976s] -- Installing: /home/nvidia/code/robot_driver_pkg/src/install/robot_msgs/include/robot_msgs/robot_msgs/msg/motor_command.h
[1.976s] -- Installing: /home/nvidia/code/robot_driver_pkg/src/install/robot_msgs/include/robot_msgs/robot_msgs/msg/detail
[1.976s] -- Installing: /home/nvidia/code/robot_driver_pkg/src/install/robot_msgs/include/robot_msgs/robot_msgs/msg/detail/motor_command__functions.h
[1.976s] -- Installing: /home/nvidia/code/robot_driver_pkg/src/install/robot_msgs/include/robot_msgs/robot_msgs/msg/detail/motor_command__struct.h
[1.977s] -- Installing: /home/nvidia/code/robot_driver_pkg/src/install/robot_msgs/include/robot_msgs/robot_msgs/msg/detail/motor_command_array__functions.h
[1.977s] -- Installing: /home/nvidia/code/robot_driver_pkg/src/install/robot_msgs/include/robot_msgs/robot_msgs/msg/detail/motor_command_array__type_support.h
[1.977s] -- Installing: /home/nvidia/code/robot_driver_pkg/src/install/robot_msgs/include/robot_msgs/robot_msgs/msg/detail/motor_command__functions.c
[1.977s] -- Installing: /home/nvidia/code/robot_driver_pkg/src/install/robot_msgs/include/robot_msgs/robot_msgs/msg/detail/motor_command_array__struct.h
[1.977s] -- Installing: /home/nvidia/code/robot_driver_pkg/src/install/robot_msgs/include/robot_msgs/robot_msgs/msg/detail/motor_command__type_support.h
[1.977s] -- Installing: /home/nvidia/code/robot_driver_pkg/src/install/robot_msgs/include/robot_msgs/robot_msgs/msg/detail/motor_command_array__functions.c
[1.977s] -- Installing: /home/nvidia/code/robot_driver_pkg/src/install/robot_msgs/include/robot_msgs/robot_msgs/msg/motor_command_array.h
[1.977s] -- Installing: /home/nvidia/code/robot_driver_pkg/src/install/robot_msgs/share/robot_msgs/environment/library_path.sh
[1.977s] -- Installing: /home/nvidia/code/robot_driver_pkg/src/install/robot_msgs/share/robot_msgs/environment/library_path.dsv
[1.977s] -- Installing: /home/nvidia/code/robot_driver_pkg/src/install/robot_msgs/lib/librobot_msgs__rosidl_generator_c.so
[1.977s] -- Set runtime path of "/home/nvidia/code/robot_driver_pkg/src/install/robot_msgs/lib/librobot_msgs__rosidl_generator_c.so" to ""
[1.977s] -- Up-to-date: /home/nvidia/code/robot_driver_pkg/src/install/robot_msgs/include/robot_msgs/robot_msgs
[1.977s] -- Up-to-date: /home/nvidia/code/robot_driver_pkg/src/install/robot_msgs/include/robot_msgs/robot_msgs/msg
[1.977s] -- Installing: /home/nvidia/code/robot_driver_pkg/src/install/robot_msgs/include/robot_msgs/robot_msgs/msg/rosidl_typesupport_fastrtps_c__visibility_control.h
[1.978s] -- Up-to-date: /home/nvidia/code/robot_driver_pkg/src/install/robot_msgs/include/robot_msgs/robot_msgs/msg/detail
[1.978s] -- Installing: /home/nvidia/code/robot_driver_pkg/src/install/robot_msgs/include/robot_msgs/robot_msgs/msg/detail/motor_command_array__rosidl_typesupport_fastrtps_c.h
[1.978s] -- Installing: /home/nvidia/code/robot_driver_pkg/src/install/robot_msgs/include/robot_msgs/robot_msgs/msg/detail/motor_command__rosidl_typesupport_fastrtps_c.h
[1.978s] -- Installing: /home/nvidia/code/robot_driver_pkg/src/install/robot_msgs/lib/librobot_msgs__rosidl_typesupport_fastrtps_c.so
[1.978s] -- Set runtime path of "/home/nvidia/code/robot_driver_pkg/src/install/robot_msgs/lib/librobot_msgs__rosidl_typesupport_fastrtps_c.so" to ""
[1.978s] -- Up-to-date: /home/nvidia/code/robot_driver_pkg/src/install/robot_msgs/include/robot_msgs/robot_msgs
[1.978s] -- Up-to-date: /home/nvidia/code/robot_driver_pkg/src/install/robot_msgs/include/robot_msgs/robot_msgs/msg
[1.978s] -- Installing: /home/nvidia/code/robot_driver_pkg/src/install/robot_msgs/include/robot_msgs/robot_msgs/msg/rosidl_typesupport_introspection_c__visibility_control.h
[1.978s] -- Up-to-date: /home/nvidia/code/robot_driver_pkg/src/install/robot_msgs/include/robot_msgs/robot_msgs/msg/detail
[1.978s] -- Installing: /home/nvidia/code/robot_driver_pkg/src/install/robot_msgs/include/robot_msgs/robot_msgs/msg/detail/motor_command__rosidl_typesupport_introspection_c.h
[1.978s] -- Installing: /home/nvidia/code/robot_driver_pkg/src/install/robot_msgs/include/robot_msgs/robot_msgs/msg/detail/motor_command__type_support.c
[1.978s] -- Installing: /home/nvidia/code/robot_driver_pkg/src/install/robot_msgs/include/robot_msgs/robot_msgs/msg/detail/motor_command_array__rosidl_typesupport_introspection_c.h
[1.978s] -- Installing: /home/nvidia/code/robot_driver_pkg/src/install/robot_msgs/include/robot_msgs/robot_msgs/msg/detail/motor_command_array__type_support.c
[1.978s] -- Installing: /home/nvidia/code/robot_driver_pkg/src/install/robot_msgs/lib/librobot_msgs__rosidl_typesupport_introspection_c.so
[1.978s] -- Set runtime path of "/home/nvidia/code/robot_driver_pkg/src/install/robot_msgs/lib/librobot_msgs__rosidl_typesupport_introspection_c.so" to ""
[1.979s] -- Installing: /home/nvidia/code/robot_driver_pkg/src/install/robot_msgs/lib/librobot_msgs__rosidl_typesupport_c.so
[1.979s] -- Set runtime path of "/home/nvidia/code/robot_driver_pkg/src/install/robot_msgs/lib/librobot_msgs__rosidl_typesupport_c.so" to ""
[1.979s] -- Up-to-date: /home/nvidia/code/robot_driver_pkg/src/install/robot_msgs/include/robot_msgs/robot_msgs
[1.979s] -- Up-to-date: /home/nvidia/code/robot_driver_pkg/src/install/robot_msgs/include/robot_msgs/robot_msgs/msg
[1.979s] -- Installing: /home/nvidia/code/robot_driver_pkg/src/install/robot_msgs/include/robot_msgs/robot_msgs/msg/rosidl_generator_cpp__visibility_control.hpp
[1.979s] -- Installing: /home/nvidia/code/robot_driver_pkg/src/install/robot_msgs/include/robot_msgs/robot_msgs/msg/motor_command_array.hpp
[1.979s] -- Installing: /home/nvidia/code/robot_driver_pkg/src/install/robot_msgs/include/robot_msgs/robot_msgs/msg/motor_command.hpp
[1.979s] -- Up-to-date: /home/nvidia/code/robot_driver_pkg/src/install/robot_msgs/include/robot_msgs/robot_msgs/msg/detail
[1.979s] -- Installing: /home/nvidia/code/robot_driver_pkg/src/install/robot_msgs/include/robot_msgs/robot_msgs/msg/detail/motor_command_array__type_support.hpp
[1.979s] -- Installing: /home/nvidia/code/robot_driver_pkg/src/install/robot_msgs/include/robot_msgs/robot_msgs/msg/detail/motor_command__builder.hpp
[1.979s] -- Installing: /home/nvidia/code/robot_driver_pkg/src/install/robot_msgs/include/robot_msgs/robot_msgs/msg/detail/motor_command_array__builder.hpp
[1.979s] -- Installing: /home/nvidia/code/robot_driver_pkg/src/install/robot_msgs/include/robot_msgs/robot_msgs/msg/detail/motor_command__traits.hpp
[1.979s] -- Installing: /home/nvidia/code/robot_driver_pkg/src/install/robot_msgs/include/robot_msgs/robot_msgs/msg/detail/motor_command_array__struct.hpp
[1.979s] -- Installing: /home/nvidia/code/robot_driver_pkg/src/install/robot_msgs/include/robot_msgs/robot_msgs/msg/detail/motor_command__type_support.hpp
[1.979s] -- Installing: /home/nvidia/code/robot_driver_pkg/src/install/robot_msgs/include/robot_msgs/robot_msgs/msg/detail/motor_command_array__traits.hpp
[1.980s] -- Installing: /home/nvidia/code/robot_driver_pkg/src/install/robot_msgs/include/robot_msgs/robot_msgs/msg/detail/motor_command__struct.hpp
[1.980s] -- Up-to-date: /home/nvidia/code/robot_driver_pkg/src/install/robot_msgs/include/robot_msgs/robot_msgs
[1.980s] -- Up-to-date: /home/nvidia/code/robot_driver_pkg/src/install/robot_msgs/include/robot_msgs/robot_msgs/msg
[1.980s] -- Installing: /home/nvidia/code/robot_driver_pkg/src/install/robot_msgs/include/robot_msgs/robot_msgs/msg/rosidl_typesupport_fastrtps_cpp__visibility_control.h
[1.980s] -- Up-to-date: /home/nvidia/code/robot_driver_pkg/src/install/robot_msgs/include/robot_msgs/robot_msgs/msg/detail
[1.980s] -- Installing: /home/nvidia/code/robot_driver_pkg/src/install/robot_msgs/include/robot_msgs/robot_msgs/msg/detail/motor_command_array__rosidl_typesupport_fastrtps_cpp.hpp
[1.980s] -- Installing: /home/nvidia/code/robot_driver_pkg/src/install/robot_msgs/include/robot_msgs/robot_msgs/msg/detail/motor_command__rosidl_typesupport_fastrtps_cpp.hpp
[1.980s] -- Installing: /home/nvidia/code/robot_driver_pkg/src/install/robot_msgs/include/robot_msgs/robot_msgs/msg/detail/dds_fastrtps
[1.980s] -- Installing: /home/nvidia/code/robot_driver_pkg/src/install/robot_msgs/lib/librobot_msgs__rosidl_typesupport_fastrtps_cpp.so
[1.980s] -- Set runtime path of "/home/nvidia/code/robot_driver_pkg/src/install/robot_msgs/lib/librobot_msgs__rosidl_typesupport_fastrtps_cpp.so" to ""
[1.980s] -- Up-to-date: /home/nvidia/code/robot_driver_pkg/src/install/robot_msgs/include/robot_msgs/robot_msgs
[1.980s] -- Up-to-date: /home/nvidia/code/robot_driver_pkg/src/install/robot_msgs/include/robot_msgs/robot_msgs/msg
[1.980s] -- Up-to-date: /home/nvidia/code/robot_driver_pkg/src/install/robot_msgs/include/robot_msgs/robot_msgs/msg/detail
[1.980s] -- Installing: /home/nvidia/code/robot_driver_pkg/src/install/robot_msgs/include/robot_msgs/robot_msgs/msg/detail/motor_command_array__type_support.cpp
[1.980s] -- Installing: /home/nvidia/code/robot_driver_pkg/src/install/robot_msgs/include/robot_msgs/robot_msgs/msg/detail/motor_command_array__rosidl_typesupport_introspection_cpp.hpp
[1.980s] -- Installing: /home/nvidia/code/robot_driver_pkg/src/install/robot_msgs/include/robot_msgs/robot_msgs/msg/detail/motor_command__type_support.cpp
[1.980s] -- Installing: /home/nvidia/code/robot_driver_pkg/src/install/robot_msgs/include/robot_msgs/robot_msgs/msg/detail/motor_command__rosidl_typesupport_introspection_cpp.hpp
[1.980s] -- Installing: /home/nvidia/code/robot_driver_pkg/src/install/robot_msgs/lib/librobot_msgs__rosidl_typesupport_introspection_cpp.so
[1.981s] -- Set runtime path of "/home/nvidia/code/robot_driver_pkg/src/install/robot_msgs/lib/librobot_msgs__rosidl_typesupport_introspection_cpp.so" to ""
[1.981s] -- Installing: /home/nvidia/code/robot_driver_pkg/src/install/robot_msgs/lib/librobot_msgs__rosidl_typesupport_cpp.so
[1.981s] -- Set runtime path of "/home/nvidia/code/robot_driver_pkg/src/install/robot_msgs/lib/librobot_msgs__rosidl_typesupport_cpp.so" to ""
[1.981s] -- Installing: /home/nvidia/code/robot_driver_pkg/src/install/robot_msgs/share/robot_msgs/environment/pythonpath.sh
[1.981s] -- Installing: /home/nvidia/code/robot_driver_pkg/src/install/robot_msgs/share/robot_msgs/environment/pythonpath.dsv
[1.981s] -- Installing: /home/nvidia/code/robot_driver_pkg/src/install/robot_msgs/local/lib/python3.10/dist-packages/robot_msgs-0.0.0-py3.10.egg-info
[1.981s] -- Installing: /home/nvidia/code/robot_driver_pkg/src/install/robot_msgs/local/lib/python3.10/dist-packages/robot_msgs-0.0.0-py3.10.egg-info/PKG-INFO
[1.981s] -- Installing: /home/nvidia/code/robot_driver_pkg/src/install/robot_msgs/local/lib/python3.10/dist-packages/robot_msgs-0.0.0-py3.10.egg-info/top_level.txt
[1.981s] -- Installing: /home/nvidia/code/robot_driver_pkg/src/install/robot_msgs/local/lib/python3.10/dist-packages/robot_msgs-0.0.0-py3.10.egg-info/dependency_links.txt
[1.981s] -- Installing: /home/nvidia/code/robot_driver_pkg/src/install/robot_msgs/local/lib/python3.10/dist-packages/robot_msgs-0.0.0-py3.10.egg-info/SOURCES.txt
[1.981s] -- Installing: /home/nvidia/code/robot_driver_pkg/src/install/robot_msgs/local/lib/python3.10/dist-packages/robot_msgs
[1.981s] -- Installing: /home/nvidia/code/robot_driver_pkg/src/install/robot_msgs/local/lib/python3.10/dist-packages/robot_msgs/msg
[1.981s] -- Installing: /home/nvidia/code/robot_driver_pkg/src/install/robot_msgs/local/lib/python3.10/dist-packages/robot_msgs/msg/_motor_command_s.c
[1.981s] -- Installing: /home/nvidia/code/robot_driver_pkg/src/install/robot_msgs/local/lib/python3.10/dist-packages/robot_msgs/msg/__init__.py
[1.981s] -- Installing: /home/nvidia/code/robot_driver_pkg/src/install/robot_msgs/local/lib/python3.10/dist-packages/robot_msgs/msg/_motor_command.py
[1.981s] -- Installing: /home/nvidia/code/robot_driver_pkg/src/install/robot_msgs/local/lib/python3.10/dist-packages/robot_msgs/msg/_motor_command_array.py
[1.981s] -- Installing: /home/nvidia/code/robot_driver_pkg/src/install/robot_msgs/local/lib/python3.10/dist-packages/robot_msgs/msg/_motor_command_array_s.c
[1.982s] -- Installing: /home/nvidia/code/robot_driver_pkg/src/install/robot_msgs/local/lib/python3.10/dist-packages/robot_msgs/__init__.py
[1.982s] -- Installing: /home/nvidia/code/robot_driver_pkg/src/install/robot_msgs/local/lib/python3.10/dist-packages/robot_msgs/robot_msgs_s__rosidl_typesupport_c.cpython-310-x86_64-linux-gnu.so
[1.982s] -- Installing: /home/nvidia/code/robot_driver_pkg/src/install/robot_msgs/local/lib/python3.10/dist-packages/robot_msgs/robot_msgs_s__rosidl_typesupport_introspection_c.cpython-310-x86_64-linux-gnu.so
[1.982s] -- Installing: /home/nvidia/code/robot_driver_pkg/src/install/robot_msgs/local/lib/python3.10/dist-packages/robot_msgs/_robot_msgs_s.ep.rosidl_typesupport_fastrtps_c.c
[1.982s] -- Installing: /home/nvidia/code/robot_driver_pkg/src/install/robot_msgs/local/lib/python3.10/dist-packages/robot_msgs/_robot_msgs_s.ep.rosidl_typesupport_c.c
[1.982s] -- Installing: /home/nvidia/code/robot_driver_pkg/src/install/robot_msgs/local/lib/python3.10/dist-packages/robot_msgs/_robot_msgs_s.ep.rosidl_typesupport_introspection_c.c
[1.982s] -- Installing: /home/nvidia/code/robot_driver_pkg/src/install/robot_msgs/local/lib/python3.10/dist-packages/robot_msgs/robot_msgs_s__rosidl_typesupport_fastrtps_c.cpython-310-x86_64-linux-gnu.so
[1.982s] -- Installing: /home/nvidia/code/robot_driver_pkg/src/install/robot_msgs/local/lib/python3.10/dist-packages/robot_msgs/librobot_msgs__rosidl_generator_py.so
[1.999s] Listing '/home/nvidia/code/robot_driver_pkg/src/install/robot_msgs/local/lib/python3.10/dist-packages/robot_msgs'...
[2.000s] Compiling '/home/nvidia/code/robot_driver_pkg/src/install/robot_msgs/local/lib/python3.10/dist-packages/robot_msgs/__init__.py'...
[2.000s] Listing '/home/nvidia/code/robot_driver_pkg/src/install/robot_msgs/local/lib/python3.10/dist-packages/robot_msgs/msg'...
[2.000s] Compiling '/home/nvidia/code/robot_driver_pkg/src/install/robot_msgs/local/lib/python3.10/dist-packages/robot_msgs/msg/__init__.py'...
[2.000s] Compiling '/home/nvidia/code/robot_driver_pkg/src/install/robot_msgs/local/lib/python3.10/dist-packages/robot_msgs/msg/_motor_command.py'...
[2.000s] Compiling '/home/nvidia/code/robot_driver_pkg/src/install/robot_msgs/local/lib/python3.10/dist-packages/robot_msgs/msg/_motor_command_array.py'...
[2.002s] -- Installing: /home/nvidia/code/robot_driver_pkg/src/install/robot_msgs/local/lib/python3.10/dist-packages/robot_msgs/robot_msgs_s__rosidl_typesupport_fastrtps_c.cpython-310-x86_64-linux-gnu.so
[2.003s] -- Set runtime path of "/home/nvidia/code/robot_driver_pkg/src/install/robot_msgs/local/lib/python3.10/dist-packages/robot_msgs/robot_msgs_s__rosidl_typesupport_fastrtps_c.cpython-310-x86_64-linux-gnu.so" to ""
[2.003s] -- Installing: /home/nvidia/code/robot_driver_pkg/src/install/robot_msgs/local/lib/python3.10/dist-packages/robot_msgs/robot_msgs_s__rosidl_typesupport_introspection_c.cpython-310-x86_64-linux-gnu.so
[2.003s] -- Set runtime path of "/home/nvidia/code/robot_driver_pkg/src/install/robot_msgs/local/lib/python3.10/dist-packages/robot_msgs/robot_msgs_s__rosidl_typesupport_introspection_c.cpython-310-x86_64-linux-gnu.so" to ""
[2.003s] -- Installing: /home/nvidia/code/robot_driver_pkg/src/install/robot_msgs/local/lib/python3.10/dist-packages/robot_msgs/robot_msgs_s__rosidl_typesupport_c.cpython-310-x86_64-linux-gnu.so
[2.003s] -- Set runtime path of "/home/nvidia/code/robot_driver_pkg/src/install/robot_msgs/local/lib/python3.10/dist-packages/robot_msgs/robot_msgs_s__rosidl_typesupport_c.cpython-310-x86_64-linux-gnu.so" to ""
[2.003s] -- Installing: /home/nvidia/code/robot_driver_pkg/src/install/robot_msgs/lib/librobot_msgs__rosidl_generator_py.so
[2.003s] -- Set runtime path of "/home/nvidia/code/robot_driver_pkg/src/install/robot_msgs/lib/librobot_msgs__rosidl_generator_py.so" to ""
[2.003s] -- Installing: /home/nvidia/code/robot_driver_pkg/src/install/robot_msgs/share/robot_msgs/msg/MotorCommand.idl
[2.003s] -- Installing: /home/nvidia/code/robot_driver_pkg/src/install/robot_msgs/share/robot_msgs/msg/MotorCommandArray.idl
[2.003s] -- Installing: /home/nvidia/code/robot_driver_pkg/src/install/robot_msgs/share/robot_msgs/msg/MotorCommand.msg
[2.003s] -- Installing: /home/nvidia/code/robot_driver_pkg/src/install/robot_msgs/share/robot_msgs/msg/MotorCommandArray.msg
[2.003s] -- Installing: /home/nvidia/code/robot_driver_pkg/src/install/robot_msgs/share/ament_index/resource_index/package_run_dependencies/robot_msgs
[2.003s] -- Installing: /home/nvidia/code/robot_driver_pkg/src/install/robot_msgs/share/ament_index/resource_index/parent_prefix_path/robot_msgs
[2.003s] -- Installing: /home/nvidia/code/robot_driver_pkg/src/install/robot_msgs/share/robot_msgs/environment/ament_prefix_path.sh
[2.003s] -- Installing: /home/nvidia/code/robot_driver_pkg/src/install/robot_msgs/share/robot_msgs/environment/ament_prefix_path.dsv
[2.003s] -- Installing: /home/nvidia/code/robot_driver_pkg/src/install/robot_msgs/share/robot_msgs/environment/path.sh
[2.003s] -- Installing: /home/nvidia/code/robot_driver_pkg/src/install/robot_msgs/share/robot_msgs/environment/path.dsv
[2.003s] -- Installing: /home/nvidia/code/robot_driver_pkg/src/install/robot_msgs/share/robot_msgs/local_setup.bash
[2.003s] -- Installing: /home/nvidia/code/robot_driver_pkg/src/install/robot_msgs/share/robot_msgs/local_setup.sh
[2.003s] -- Installing: /home/nvidia/code/robot_driver_pkg/src/install/robot_msgs/share/robot_msgs/local_setup.zsh
[2.004s] -- Installing: /home/nvidia/code/robot_driver_pkg/src/install/robot_msgs/share/robot_msgs/local_setup.dsv
[2.004s] -- Installing: /home/nvidia/code/robot_driver_pkg/src/install/robot_msgs/share/robot_msgs/package.dsv
[2.004s] -- Installing: /home/nvidia/code/robot_driver_pkg/src/install/robot_msgs/share/ament_index/resource_index/packages/robot_msgs
[2.004s] -- Installing: /home/nvidia/code/robot_driver_pkg/src/install/robot_msgs/share/robot_msgs/cmake/export_robot_msgs__rosidl_generator_cExport.cmake
[2.004s] -- Installing: /home/nvidia/code/robot_driver_pkg/src/install/robot_msgs/share/robot_msgs/cmake/export_robot_msgs__rosidl_generator_cExport-noconfig.cmake
[2.004s] -- Installing: /home/nvidia/code/robot_driver_pkg/src/install/robot_msgs/share/robot_msgs/cmake/export_robot_msgs__rosidl_typesupport_fastrtps_cExport.cmake
[2.004s] -- Installing: /home/nvidia/code/robot_driver_pkg/src/install/robot_msgs/share/robot_msgs/cmake/export_robot_msgs__rosidl_typesupport_fastrtps_cExport-noconfig.cmake
[2.004s] -- Installing: /home/nvidia/code/robot_driver_pkg/src/install/robot_msgs/share/robot_msgs/cmake/robot_msgs__rosidl_typesupport_introspection_cExport.cmake
[2.004s] -- Installing: /home/nvidia/code/robot_driver_pkg/src/install/robot_msgs/share/robot_msgs/cmake/robot_msgs__rosidl_typesupport_introspection_cExport-noconfig.cmake
[2.004s] -- Installing: /home/nvidia/code/robot_driver_pkg/src/install/robot_msgs/share/robot_msgs/cmake/robot_msgs__rosidl_typesupport_cExport.cmake
[2.004s] -- Installing: /home/nvidia/code/robot_driver_pkg/src/install/robot_msgs/share/robot_msgs/cmake/robot_msgs__rosidl_typesupport_cExport-noconfig.cmake
[2.004s] -- Installing: /home/nvidia/code/robot_driver_pkg/src/install/robot_msgs/share/robot_msgs/cmake/export_robot_msgs__rosidl_generator_cppExport.cmake
[2.004s] -- Installing: /home/nvidia/code/robot_driver_pkg/src/install/robot_msgs/share/robot_msgs/cmake/export_robot_msgs__rosidl_typesupport_fastrtps_cppExport.cmake
[2.004s] -- Installing: /home/nvidia/code/robot_driver_pkg/src/install/robot_msgs/share/robot_msgs/cmake/export_robot_msgs__rosidl_typesupport_fastrtps_cppExport-noconfig.cmake
[2.004s] -- Installing: /home/nvidia/code/robot_driver_pkg/src/install/robot_msgs/share/robot_msgs/cmake/robot_msgs__rosidl_typesupport_introspection_cppExport.cmake
[2.004s] -- Installing: /home/nvidia/code/robot_driver_pkg/src/install/robot_msgs/share/robot_msgs/cmake/robot_msgs__rosidl_typesupport_introspection_cppExport-noconfig.cmake
[2.004s] -- Installing: /home/nvidia/code/robot_driver_pkg/src/install/robot_msgs/share/robot_msgs/cmake/robot_msgs__rosidl_typesupport_cppExport.cmake
[2.004s] -- Installing: /home/nvidia/code/robot_driver_pkg/src/install/robot_msgs/share/robot_msgs/cmake/robot_msgs__rosidl_typesupport_cppExport-noconfig.cmake
[2.004s] -- Installing: /home/nvidia/code/robot_driver_pkg/src/install/robot_msgs/share/robot_msgs/cmake/export_robot_msgs__rosidl_generator_pyExport.cmake
[2.004s] -- Installing: /home/nvidia/code/robot_driver_pkg/src/install/robot_msgs/share/robot_msgs/cmake/export_robot_msgs__rosidl_generator_pyExport-noconfig.cmake
[2.005s] -- Installing: /home/nvidia/code/robot_driver_pkg/src/install/robot_msgs/share/robot_msgs/cmake/rosidl_cmake-extras.cmake
[2.005s] -- Installing: /home/nvidia/code/robot_driver_pkg/src/install/robot_msgs/share/robot_msgs/cmake/ament_cmake_export_include_directories-extras.cmake
[2.005s] -- Installing: /home/nvidia/code/robot_driver_pkg/src/install/robot_msgs/share/robot_msgs/cmake/ament_cmake_export_libraries-extras.cmake
[2.005s] -- Installing: /home/nvidia/code/robot_driver_pkg/src/install/robot_msgs/share/robot_msgs/cmake/ament_cmake_export_targets-extras.cmake
[2.005s] -- Installing: /home/nvidia/code/robot_driver_pkg/src/install/robot_msgs/share/robot_msgs/cmake/rosidl_cmake_export_typesupport_targets-extras.cmake
[2.005s] -- Installing: /home/nvidia/code/robot_driver_pkg/src/install/robot_msgs/share/robot_msgs/cmake/ament_cmake_export_dependencies-extras.cmake
[2.005s] -- Installing: /home/nvidia/code/robot_driver_pkg/src/install/robot_msgs/share/robot_msgs/cmake/rosidl_cmake_export_typesupport_libraries-extras.cmake
[2.005s] -- Installing: /home/nvidia/code/robot_driver_pkg/src/install/robot_msgs/share/robot_msgs/cmake/robot_msgsConfig.cmake
[2.005s] -- Installing: /home/nvidia/code/robot_driver_pkg/src/install/robot_msgs/share/robot_msgs/cmake/robot_msgsConfig-version.cmake
[2.005s] -- Installing: /home/nvidia/code/robot_driver_pkg/src/install/robot_msgs/share/robot_msgs/package.xml
[2.006s] Invoked command in '/home/nvidia/code/robot_driver_pkg/src/build/robot_msgs' returned '0': /usr/bin/cmake --install /home/nvidia/code/robot_driver_pkg/src/build/robot_msgs
